[debug] [2021-01-03T22:25:11.387Z] ----------------------------------------------------------------------
[debug] [2021-01-03T22:25:11.390Z] Command:       C:\Program Files\nodejs\node.exe C:\Users\Chris\AppData\Roaming\npm\node_modules\firebase-tools\lib\bin\firebase.js init
[debug] [2021-01-03T22:25:11.391Z] CLI Version:   9.1.0
[debug] [2021-01-03T22:25:11.391Z] Platform:      win32
[debug] [2021-01-03T22:25:11.391Z] Node Version:  v14.15.3
[debug] [2021-01-03T22:25:11.393Z] Time:          Sun Jan 03 2021 23:25:11 GMT+0100 (Ora standard dell’Europa centrale)
[debug] [2021-01-03T22:25:11.394Z] ----------------------------------------------------------------------
[debug] [2021-01-03T22:25:11.394Z] 
[debug] [2021-01-03T22:25:11.402Z] > command requires scopes: ["email","openid","https://www.googleapis.com/auth/cloudplatformprojects.readonly","https://www.googleapis.com/auth/firebase","https://www.googleapis.com/auth/cloud-platform"]
[debug] [2021-01-03T22:25:11.403Z] > authorizing via signed-in user
[info] 
     ######## #### ########  ######## ########     ###     ######  ########
     ##        ##  ##     ## ##       ##     ##  ##   ##  ##       ##
     ######    ##  ########  ######   ########  #########  ######  ######
     ##        ##  ##    ##  ##       ##     ## ##     ##       ## ##
     ##       #### ##     ## ######## ########  ##     ##  ######  ########

You're about to initialize a Firebase project in this directory:

  C:\Users\Chris\templated-transit

Before we get started, keep in mind:

  * You are initializing in an existing Firebase project directory

[info] 
=== Project Setup
[info] 
[info] First, let's associate this project directory with a Firebase project.
[info] You can create multiple project aliases by running firebase use --add, 
[info] but for now we'll just set up a default project.
[info] 
[info] i  .firebaserc already has a default project, using server-cc3e4. 
[debug] [2021-01-03T22:25:19.384Z] >>> HTTP REQUEST GET https://firebase.googleapis.com/v1beta1/projects/server-cc3e4  
 
[debug] [2021-01-03T22:25:19.663Z] <<< HTTP RESPONSE 200 {"content-type":"application/json; charset=UTF-8","vary":"X-Origin, Referer, Origin,Accept-Encoding","date":"Sun, 03 Jan 2021 22:25:19 GMT","server":"ESF","cache-control":"private","x-xss-protection":"0","x-frame-options":"SAMEORIGIN","x-content-type-options":"nosniff","alt-svc":"h3-29=\":443\"; ma=2592000,h3-T051=\":443\"; ma=2592000,h3-Q050=\":443\"; ma=2592000,h3-Q046=\":443\"; ma=2592000,h3-Q043=\":443\"; ma=2592000,quic=\":443\"; ma=2592000; v=\"46,43\"","accept-ranges":"none","transfer-encoding":"chunked"}
[info] 
=== Hosting Setup
[info] 
[info] Your public directory is the folder (relative to your project directory) that
[info] will contain Hosting assets to be uploaded with firebase deploy. If you
[info] have a build process for your assets, use your build's output directory.
[info] 
[info] +  Wrote public/404.html 
[debug] [2021-01-03T22:25:32.772Z] >>> [apiv2][query] GET https://www.gstatic.com/firebasejs/releases.json [none]
[debug] [2021-01-03T22:25:32.862Z] <<< [apiv2][status] GET https://www.gstatic.com/firebasejs/releases.json 200
[debug] [2021-01-03T22:25:32.863Z] <<< [apiv2][body] GET https://www.gstatic.com/firebasejs/releases.json {"current":{"version":"8.2.1","browserURL":"https://www.gstatic.com/firebasejs/8.2.1/firebase.js","packageURL":"https://www.gstatic.com/firebasejs/8.2.1/firebase.tgz"},"live":{"version":"8.2","browserURL":"https://www.gstatic.com/firebasejs/live/8.2/firebase.js","packageURL":"https://www.gstatic.com/firebasejs/live/8.2/firebase.tgz"},"components":{"analytics":"https://www.gstatic.com/firebasejs/8.2.1/firebase-analytics.js","app":"https://www.gstatic.com/firebasejs/8.2.1/firebase-app.js","auth":"https://www.gstatic.com/firebasejs/8.2.1/firebase-auth.js","database":"https://www.gstatic.com/firebasejs/8.2.1/firebase-database.js","firestore":"https://www.gstatic.com/firebasejs/8.2.1/firebase-firestore.js","functions":"https://www.gstatic.com/firebasejs/8.2.1/firebase-functions.js","installations":"https://www.gstatic.com/firebasejs/8.2.1/firebase-installations.js","messaging":"https://www.gstatic.com/firebasejs/8.2.1/firebase-messaging.js","storage":"https://www.gstatic.com/firebasejs/8.2.1/firebase-storage.js","performance":"https://www.gstatic.com/firebasejs/8.2.1/firebase-performance.js","remote-config":"https://www.gstatic.com/firebasejs/8.2.1/firebase-remote-config.js","firestore.memory":"https://www.gstatic.com/firebasejs/8.2.1/firebase-firestore.memory.js"}}
[info] i  Skipping write of public/index.html 
[info] 
[info] i  Didn't detect a .git folder. Assuming C:\Users\Chris\templated-transit is the project root. 
[info] i  Authorizing with GitHub to upload your service account to a GitHub repository's secrets store. 
[info] 
[info] Visit this URL on this device to log in:
[info] https://github.com/login/oauth/authorize?client_id=89cf50f02ac6aaed3484&state=660022073&redirect_uri=http%3A%2F%2Flocalhost%3A9005&scope=read%3Auser%20repo%20public_repo
[info] 
[info] Waiting for authentication...
[debug] [2021-01-03T22:25:50.739Z] >>> HTTP REQUEST POST https://github.com/login/oauth/access_token  
 {"client_id":"89cf50f02ac6aaed3484","client_secret":"3330d14abc895d9a74d5f17cd7a00711fa2c5bf0","code":"5b2ba77062a16cdc93f0","redirect_uri":"http://localhost:9005","state":"660022073"}
[debug] [2021-01-03T22:25:51.002Z] <<< HTTP RESPONSE 200 {"date":"Sun, 03 Jan 2021 22:25:50 GMT","content-type":"application/json; charset=utf-8","transfer-encoding":"chunked","server":"GitHub.com","status":"200 OK","vary":"X-PJAX, Accept-Encoding, Accept, X-Requested-With, Accept-Encoding","etag":"W/\"9431490f30414a3f710e5f2f2f6ff7d8\"","cache-control":"max-age=0, private, must-revalidate","strict-transport-security":"max-age=31536000; includeSubdomains; preload","x-frame-options":"deny","x-content-type-options":"nosniff","x-xss-protection":"1; mode=block","referrer-policy":"origin-when-cross-origin, strict-origin-when-cross-origin","expect-ct":"max-age=2592000, report-uri=\"https://api.github.com/_private/browser/errors\"","content-security-policy":"default-src 'none'; base-uri 'self'; block-all-mixed-content; connect-src 'self' uploads.github.com www.githubstatus.com collector.githubapp.com api.github.com github-cloud.s3.amazonaws.com github-production-repository-file-5c1aeb.s3.amazonaws.com github-production-upload-manifest-file-7fdce7.s3.amazonaws.com github-production-user-asset-6210df.s3.amazonaws.com cdn.optimizely.com logx.optimizely.com/v1/events wss://alive.github.com; font-src github.githubassets.com; form-action 'self' github.com gist.github.com; frame-ancestors 'none'; frame-src render.githubusercontent.com; img-src 'self' data: github.githubassets.com identicons.github.com collector.githubapp.com github-cloud.s3.amazonaws.com *.githubusercontent.com; manifest-src 'self'; media-src 'none'; script-src github.githubassets.com; style-src 'unsafe-inline' github.githubassets.com; worker-src github.com/socket-worker-5029ae85.js gist.github.com/socket-worker-5029ae85.js","x-github-request-id":"EED4:A7E7:194F912D:249589E7:5FF2446E"}
[debug] [2021-01-03T22:25:51.003Z] >>> [apiv2][query] GET https://api.github.com/user [none]
[debug] [2021-01-03T22:25:51.277Z] <<< [apiv2][status] GET https://api.github.com/user 200
[debug] [2021-01-03T22:25:51.277Z] <<< [apiv2][body] GET https://api.github.com/user {"login":"Dwingle","id":67480327,"node_id":"MDQ6VXNlcjY3NDgwMzI3","avatar_url":"https://avatars3.githubusercontent.com/u/67480327?v=4","gravatar_id":"","url":"https://api.github.com/users/Dwingle","html_url":"https://github.com/Dwingle","followers_url":"https://api.github.com/users/Dwingle/followers","following_url":"https://api.github.com/users/Dwingle/following{/other_user}","gists_url":"https://api.github.com/users/Dwingle/gists{/gist_id}","starred_url":"https://api.github.com/users/Dwingle/starred{/owner}{/repo}","subscriptions_url":"https://api.github.com/users/Dwingle/subscriptions","organizations_url":"https://api.github.com/users/Dwingle/orgs","repos_url":"https://api.github.com/users/Dwingle/repos","events_url":"https://api.github.com/users/Dwingle/events{/privacy}","received_events_url":"https://api.github.com/users/Dwingle/received_events","type":"User","site_admin":false,"name":null,"company":null,"blog":"","location":null,"email":null,"hireable":null,"bio":null,"twitter_username":null,"public_repos":0,"public_gists":0,"followers":0,"following":2,"created_at":"2020-06-26T18:06:19Z","updated_at":"2021-01-03T22:25:48Z","private_gists":0,"total_private_repos":0,"owned_private_repos":0,"disk_usage":0,"collaborators":0,"two_factor_authentication":false,"plan":{"name":"free","space":976562499,"collaborators":0,"private_repos":10000}}
[info] 
[info] +  Success! Logged into GitHub as Dwingle 
[info] 
[debug] [2021-01-03T22:26:05.078Z] >>> [apiv2][query] GET https://api.github.com/repos//actions/secrets/public-key type=owner
[debug] [2021-01-03T22:26:05.285Z] <<< [apiv2][status] GET https://api.github.com/repos//actions/secrets/public-key 404
[debug] [2021-01-03T22:26:05.286Z] <<< [apiv2][body] GET https://api.github.com/repos//actions/secrets/public-key {"message":"Not Found","documentation_url":"https://docs.github.com/rest"}
[debug] [2021-01-03T22:26:32.173Z] >>> [apiv2][query] GET https://api.github.com/repos/repository/actions/secrets/public-key type=owner
[debug] [2021-01-03T22:26:32.390Z] <<< [apiv2][status] GET https://api.github.com/repos/repository/actions/secrets/public-key 404
[debug] [2021-01-03T22:26:32.390Z] <<< [apiv2][body] GET https://api.github.com/repos/repository/actions/secrets/public-key {"message":"Not Found","documentation_url":"https://docs.github.com/rest"}
[debug] [2021-01-03T22:26:47.077Z] >>> [apiv2][query] GET https://api.github.com/repos/repository/actions/secrets/public-key type=owner
[debug] [2021-01-03T22:26:47.288Z] <<< [apiv2][status] GET https://api.github.com/repos/repository/actions/secrets/public-key 404
[debug] [2021-01-03T22:26:47.289Z] <<< [apiv2][body] GET https://api.github.com/repos/repository/actions/secrets/public-key {"message":"Not Found","documentation_url":"https://docs.github.com/rest"}
[debug] [2021-01-03T22:26:48.317Z] >>> [apiv2][query] GET https://api.github.com/repos//actions/secrets/public-key type=owner
[debug] [2021-01-03T22:26:48.518Z] <<< [apiv2][status] GET https://api.github.com/repos//actions/secrets/public-key 404
[debug] [2021-01-03T22:26:48.518Z] <<< [apiv2][body] GET https://api.github.com/repos//actions/secrets/public-key {"message":"Not Found","documentation_url":"https://docs.github.com/rest"}
[debug] [2021-01-03T22:26:52.501Z] >>> [apiv2][query] GET https://api.github.com/repos/user/actions/secrets/public-key type=owner
[debug] [2021-01-03T22:26:52.733Z] <<< [apiv2][status] GET https://api.github.com/repos/user/actions/secrets/public-key 404
[debug] [2021-01-03T22:26:52.733Z] <<< [apiv2][body] GET https://api.github.com/repos/user/actions/secrets/public-key {"message":"Not Found","documentation_url":"https://docs.github.com/rest"}
[debug] [2021-01-03T22:29:02.834Z] >>> [apiv2][query] GET https://api.github.com/repos/sump/actions/secrets/public-key type=owner
[debug] [2021-01-03T22:29:03.087Z] <<< [apiv2][status] GET https://api.github.com/repos/sump/actions/secrets/public-key 404
[debug] [2021-01-03T22:29:03.087Z] <<< [apiv2][body] GET https://api.github.com/repos/sump/actions/secrets/public-key {"message":"Not Found","documentation_url":"https://docs.github.com/rest"}
[debug] [2021-01-03T22:29:14.691Z] >>> [apiv2][query] GET https://api.github.com/repos/repository sump/actions/secrets/public-key type=owner
[debug] [2021-01-03T22:29:14.902Z] <<< [apiv2][status] GET https://api.github.com/repos/repository sump/actions/secrets/public-key 404
[debug] [2021-01-03T22:29:14.902Z] <<< [apiv2][body] GET https://api.github.com/repos/repository sump/actions/secrets/public-key {"message":"Not Found","documentation_url":"https://docs.github.com/rest"}
